TN:
SF:src/components/ArticlePopup.tsx
FN:18,ArticlePopup
FNF:1
FNH:1
FNDA:15,ArticlePopup
DA:1,2
DA:18,2
DA:23,15
DA:25,7
DA:27,7
LF:5
LH:5
BRDA:23,0,0,8
BRDA:31,1,0,7
BRDA:31,1,1,7
BRF:3
BRH:3
end_of_record
TN:
SF:src/components/Loader.tsx
FN:3,Loader
FNF:1
FNH:1
FNDA:1,Loader
DA:1,1
DA:3,1
DA:4,1
LF:3
LH:3
BRF:0
BRH:0
end_of_record
TN:
SF:src/components/NewsList.tsx
FN:20,formatPolishDateTime
FN:33,NewsList
FN:40,(anonymous_2)
FN:44,(anonymous_3)
FN:60,(anonymous_4)
FN:70,(anonymous_5)
FN:81,(anonymous_6)
FNF:7
FNH:5
FNDA:12,formatPolishDateTime
FNDA:6,NewsList
FNDA:2,(anonymous_2)
FNDA:0,(anonymous_3)
FNDA:12,(anonymous_4)
FNDA:2,(anonymous_5)
FNDA:0,(anonymous_6)
DA:1,1
DA:3,1
DA:12,1
DA:21,12
DA:22,12
DA:23,12
DA:24,12
DA:25,12
DA:26,12
DA:27,12
DA:28,12
DA:33,1
DA:34,6
DA:36,6
DA:37,6
DA:38,6
DA:40,6
DA:41,2
DA:44,6
DA:48,0
DA:51,6
DA:52,0
DA:55,6
DA:61,12
DA:70,2
DA:81,0
LF:26
LH:23
BRDA:28,0,0,12
BRDA:28,0,1,0
BRDA:29,1,0,12
BRDA:29,1,1,0
BRDA:51,2,0,0
BRF:5
BRH:2
end_of_record
TN:
SF:src/components/NewsTileCard.tsx
FN:19,NewsTileCard
FN:25,(anonymous_1)
FN:31,(anonymous_2)
FN:35,(anonymous_3)
FNF:4
FNH:2
FNDA:3,NewsTileCard
FNDA:3,(anonymous_1)
FNDA:0,(anonymous_2)
FNDA:0,(anonymous_3)
DA:1,1
DA:3,1
DA:13,1
DA:19,1
DA:21,3
DA:23,3
DA:25,3
DA:26,3
DA:31,3
DA:32,0
DA:35,3
DA:36,0
DA:39,3
LF:13
LH:11
BRDA:53,0,0,3
BRDA:53,0,1,0
BRF:2
BRH:1
end_of_record
