TN:
SF:src/components/ArticlePopup.tsx
FN:18,ArticlePopup
FNF:1
FNH:1
FNDA:6,ArticlePopup
DA:1,1
DA:18,1
DA:23,6
DA:25,2
DA:27,2
LF:5
LH:5
BRDA:23,0,0,4
BRDA:31,1,0,2
BRDA:31,1,1,2
BRF:3
BRH:3
end_of_record
TN:
SF:src/components/Loader.tsx
FN:3,Loader
FNF:1
FNH:1
FNDA:1,Loader
DA:1,1
DA:3,1
DA:4,1
LF:3
LH:3
BRF:0
BRH:0
end_of_record
TN:
SF:src/components/NewsList.tsx
FN:20,formatPolishDateTime
FN:33,NewsList
FN:40,(anonymous_2)
FN:44,(anonymous_3)
FN:60,(anonymous_4)
FN:70,(anonymous_5)
FN:81,(anonymous_6)
FNF:7
FNH:5
FNDA:6,formatPolishDateTime
FNDA:3,NewsList
FNDA:2,(anonymous_2)
FNDA:0,(anonymous_3)
FNDA:6,(anonymous_4)
FNDA:2,(anonymous_5)
FNDA:0,(anonymous_6)
DA:1,1
DA:3,1
DA:12,1
DA:21,6
DA:22,6
DA:23,6
DA:24,6
DA:25,6
DA:26,6
DA:27,6
DA:28,6
DA:33,1
DA:34,3
DA:36,3
DA:37,3
DA:38,3
DA:40,3
DA:41,2
DA:44,3
DA:48,0
DA:51,3
DA:52,0
DA:55,3
DA:61,6
DA:70,2
DA:81,0
LF:26
LH:23
BRDA:28,0,0,6
BRDA:28,0,1,0
BRDA:29,1,0,6
BRDA:29,1,1,0
BRDA:51,2,0,0
BRF:5
BRH:2
end_of_record
